<?xml version="1.0" encoding="UTF-8"?>
<!-- Generated by org.testng.reporters.JUnitXMLReporter -->
<testsuite ignored="0" hostname="Utkarshs-MacBook-Pro.local" failures="0" tests="1" name="iPhone-14" time="5.114" errors="0" timestamp="2025-12-11T01:56:34 IST">
  <testcase classname="base.BaseTest" name="@BeforeMethod setUp" time="5.088">
    <failure type="org.openqa.selenium.SessionNotCreatedException" message="Could not start a new session. Handshake response does not match any supported protocol. Response payload: {&amp;quot;value&amp;quot;:{&amp;quot;message&amp;quot;:&amp;quot;Automate testing time expired.&amp;quot;},&amp;quot;sessionId&amp;quot;:&amp;quot;&amp;quot;,&amp;quot;status&amp;quot;:13} 
Host info: host: &amp;apos;Utkarshs-MacBook-Pro.local&amp;apos;, ip: &amp;apos;2402:e280:2268:6d:df4:ba98:1f6f:def9%en0&amp;apos;
Build info: version: &amp;apos;4.38.0&amp;apos;, revision: &amp;apos;6b412e825c*&amp;apos;
System info: os.name: &amp;apos;Mac OS X&amp;apos;, os.arch: &amp;apos;aarch64&amp;apos;, os.version: &amp;apos;15.6&amp;apos;, java.version: &amp;apos;21.0.6&amp;apos;
Driver info: org.openqa.selenium.remote.RemoteWebDriver
Command: [null, newSession {capabilities=[Capabilities {browserName: android, bstack:options: {accessKey: pRfrmmvCiJzAVn97cURi, buildName: ElPais Assignment Build, deviceName: Samsung Galaxy S22, realMobile: true, sessionName: Parallel Test, userName: asthasingh_Z8SlE7}}]}]
Capabilities {browserName: android, bstack:options: {accessKey: pRfrmmvCiJzAVn97cURi, buildName: ElPais Assignment Build, deviceName: Samsung Galaxy S22, realMobile: true, sessionName: Parallel Test, userName: asthasingh_Z8SlE7}}">
      <![CDATA[org.openqa.selenium.SessionNotCreatedException: Could not start a new session. Handshake response does not match any supported protocol. Response payload: {"value":{"message":"Automate testing time expired."},"sessionId":"","status":13} 
Host info: host: 'Utkarshs-MacBook-Pro.local', ip: '2402:e280:2268:6d:df4:ba98:1f6f:def9%en0'
Build info: version: '4.38.0', revision: '6b412e825c*'
System info: os.name: 'Mac OS X', os.arch: 'aarch64', os.version: '15.6', java.version: '21.0.6'
Driver info: org.openqa.selenium.remote.RemoteWebDriver
Command: [null, newSession {capabilities=[Capabilities {browserName: android, bstack:options: {accessKey: pRfrmmvCiJzAVn97cURi, buildName: ElPais Assignment Build, deviceName: Samsung Galaxy S22, realMobile: true, sessionName: Parallel Test, userName: asthasingh_Z8SlE7}}]}]
Capabilities {browserName: android, bstack:options: {accessKey: pRfrmmvCiJzAVn97cURi, buildName: ElPais Assignment Build, deviceName: Samsung Galaxy S22, realMobile: true, sessionName: Parallel Test, userName: asthasingh_Z8SlE7}}
at org.openqa.selenium.remote.ProtocolHandshake.lambda$createSession$1(ProtocolHandshake.java:128)
at java.base/java.util.Optional.orElseGet(Optional.java:364)
at org.openqa.selenium.remote.ProtocolHandshake.createSession(ProtocolHandshake.java:124)
at org.openqa.selenium.remote.ProtocolHandshake.createSession(ProtocolHandshake.java:75)
at org.openqa.selenium.remote.ProtocolHandshake.createSession(ProtocolHandshake.java:61)
at org.openqa.selenium.remote.HttpCommandExecutor.execute(HttpCommandExecutor.java:187)
at org.openqa.selenium.remote.TracedCommandExecutor.execute(TracedCommandExecutor.java:53)
at org.openqa.selenium.remote.RemoteWebDriver.execute(RemoteWebDriver.java:557)
at org.openqa.selenium.remote.RemoteWebDriver.startSession(RemoteWebDriver.java:246)
at org.openqa.selenium.remote.RemoteWebDriver.<init>(RemoteWebDriver.java:174)
at org.openqa.selenium.remote.RemoteWebDriver.<init>(RemoteWebDriver.java:152)
at base.BrowserStackSetUp.getDriver(BrowserStackSetUp.java:38)
at base.BaseTest.setUp(BaseTest.java:24)
at java.base/java.util.ArrayList.forEach(ArrayList.java:1596)
at java.base/java.util.concurrent.FutureTask.run(FutureTask.java:317)
at java.base/java.util.concurrent.ThreadPoolExecutor.runWorker(ThreadPoolExecutor.java:1144)
at java.base/java.util.concurrent.ThreadPoolExecutor$Worker.run(ThreadPoolExecutor.java:642)
at java.base/java.lang.Thread.run(Thread.java:1583)
... Removed 19 stack frames]]>
    </failure>
  </testcase> <!-- @BeforeMethod setUp -->
  <testcase classname="tests.HomePageTestMobile" name="verifyMobileFlow" time="0.0">
    <skipped/>
  </testcase> <!-- verifyMobileFlow -->
</testsuite> <!-- iPhone-14 -->
