<?xml version="1.0" encoding="UTF-8"?>
<!-- Generated by org.testng.reporters.JUnitReportReporter -->
<testsuite hostname="Utkarshs-MacBook-Pro.local" failures="0" tests="4" name="tests.HomePageTestMobile" time="10.176" errors="2" timestamp="2025-12-11T01:56:34 IST" skipped="2">
  <testcase classname="tests.HomePageTestMobile" name="verifyMobileFlow" time="0.000">
    <skipped/>
  </testcase> <!-- verifyMobileFlow -->
  <testcase classname="tests.HomePageTestMobile" name="verifyMobileFlow" time="0.000">
    <skipped/>
  </testcase> <!-- verifyMobileFlow -->
  <testcase classname="tests.HomePageTestMobile" name="setUp" time="5.088">
    <error message="Could not start a new session. Handshake response does not match any supported protocol. Response payload: {&quot;value&quot;:{&quot;message&quot;:&quot;Automate testing time expired.&quot;},&quot;sessionId&quot;:&quot;&quot;,&quot;status&quot;:13} 
Host info: host: &#039;Utkarshs-MacBook-Pro.local&#039;, ip: &#039;2402:e280:2268:6d:df4:ba98:1f6f:def9%en0&#039;
Build info: version: &#039;4.38.0&#039;, revision: &#039;6b412e825c*&#039;
System info: os.name: &#039;Mac OS X&#039;, os.arch: &#039;aarch64&#039;, os.version: &#039;15.6&#039;, java.version: &#039;21.0.6&#039;
Driver info: org.openqa.selenium.remote.RemoteWebDriver
Command: [null, newSession {capabilities=[Capabilities {browserName: android, bstack:options: {accessKey: pRfrmmvCiJzAVn97cURi, buildName: ElPais Assignment Build, deviceName: iPhone 14, realMobile: true, sessionName: Parallel Test, userName: asthasingh_Z8SlE7}}]}]
Capabilities {browserName: android, bstack:options: {accessKey: pRfrmmvCiJzAVn97cURi, buildName: ElPais Assignment Build, deviceName: iPhone 14, realMobile: true, sessionName: Parallel Test, userName: asthasingh_Z8SlE7}}" type="org.openqa.selenium.SessionNotCreatedException">
      <![CDATA[org.openqa.selenium.SessionNotCreatedException: Could not start a new session. Handshake response does not match any supported protocol. Response payload: {"value":{"message":"Automate testing time expired."},"sessionId":"","status":13} 
Host info: host: 'Utkarshs-MacBook-Pro.local', ip: '2402:e280:2268:6d:df4:ba98:1f6f:def9%en0'
Build info: version: '4.38.0', revision: '6b412e825c*'
System info: os.name: 'Mac OS X', os.arch: 'aarch64', os.version: '15.6', java.version: '21.0.6'
Driver info: org.openqa.selenium.remote.RemoteWebDriver
Command: [null, newSession {capabilities=[Capabilities {browserName: android, bstack:options: {accessKey: pRfrmmvCiJzAVn97cURi, buildName: ElPais Assignment Build, deviceName: iPhone 14, realMobile: true, sessionName: Parallel Test, userName: asthasingh_Z8SlE7}}]}]
Capabilities {browserName: android, bstack:options: {accessKey: pRfrmmvCiJzAVn97cURi, buildName: ElPais Assignment Build, deviceName: iPhone 14, realMobile: true, sessionName: Parallel Test, userName: asthasingh_Z8SlE7}}
at org.openqa.selenium.remote.ProtocolHandshake.lambda$createSession$1(ProtocolHandshake.java:128)
at java.base/java.util.Optional.orElseGet(Optional.java:364)
at org.openqa.selenium.remote.ProtocolHandshake.createSession(ProtocolHandshake.java:124)
at org.openqa.selenium.remote.ProtocolHandshake.createSession(ProtocolHandshake.java:75)
at org.openqa.selenium.remote.ProtocolHandshake.createSession(ProtocolHandshake.java:61)
at org.openqa.selenium.remote.HttpCommandExecutor.execute(HttpCommandExecutor.java:187)
at org.openqa.selenium.remote.TracedCommandExecutor.execute(TracedCommandExecutor.java:53)
at org.openqa.selenium.remote.RemoteWebDriver.execute(RemoteWebDriver.java:557)
at org.openqa.selenium.remote.RemoteWebDriver.startSession(RemoteWebDriver.java:246)
at org.openqa.selenium.remote.RemoteWebDriver.<init>(RemoteWebDriver.java:174)
at org.openqa.selenium.remote.RemoteWebDriver.<init>(RemoteWebDriver.java:152)
at base.BrowserStackSetUp.getDriver(BrowserStackSetUp.java:38)
at base.BaseTest.setUp(BaseTest.java:24)
at java.base/jdk.internal.reflect.DirectMethodHandleAccessor.invoke(DirectMethodHandleAccessor.java:103)
at java.base/java.lang.reflect.Method.invoke(Method.java:580)
at org.testng.internal.invokers.MethodInvocationHelper.invokeMethod(MethodInvocationHelper.java:141)
at org.testng.internal.invokers.MethodInvocationHelper.invokeMethodConsideringTimeout(MethodInvocationHelper.java:71)
at org.testng.internal.invokers.ConfigInvoker.invokeConfigurationMethod(ConfigInvoker.java:400)
at org.testng.internal.invokers.ConfigInvoker.invokeConfigurations(ConfigInvoker.java:333)
at org.testng.internal.invokers.TestInvoker.runConfigMethods(TestInvoker.java:836)
at org.testng.internal.invokers.TestInvoker.invokeMethod(TestInvoker.java:601)
at org.testng.internal.invokers.TestInvoker.invokeTestMethod(TestInvoker.java:230)
at org.testng.internal.invokers.MethodRunner.runInSequence(MethodRunner.java:63)
at org.testng.internal.invokers.TestInvoker$MethodInvocationAgent.invoke(TestInvoker.java:995)
at org.testng.internal.invokers.TestInvoker.invokeTestMethods(TestInvoker.java:203)
at org.testng.internal.invokers.TestMethodWorker.invokeTestMethods(TestMethodWorker.java:154)
at org.testng.internal.invokers.TestMethodWorker.run(TestMethodWorker.java:134)
at java.base/java.util.ArrayList.forEach(ArrayList.java:1596)
at org.testng.TestRunner.privateRun(TestRunner.java:741)
at org.testng.TestRunner.run(TestRunner.java:616)
at org.testng.SuiteRunner.runTest(SuiteRunner.java:421)
at org.testng.SuiteRunner$SuiteWorker.run(SuiteRunner.java:463)
at org.testng.internal.thread.ThreadUtil.lambda$execute$0(ThreadUtil.java:64)
at java.base/java.util.concurrent.FutureTask.run(FutureTask.java:317)
at java.base/java.util.concurrent.ThreadPoolExecutor.runWorker(ThreadPoolExecutor.java:1144)
at java.base/java.util.concurrent.ThreadPoolExecutor$Worker.run(ThreadPoolExecutor.java:642)
at java.base/java.lang.Thread.run(Thread.java:1583)
]]>
    </error>
  </testcase> <!-- setUp -->
  <testcase classname="tests.HomePageTestMobile" name="setUp" time="5.088">
    <error message="Could not start a new session. Handshake response does not match any supported protocol. Response payload: {&quot;value&quot;:{&quot;message&quot;:&quot;Automate testing time expired.&quot;},&quot;sessionId&quot;:&quot;&quot;,&quot;status&quot;:13} 
Host info: host: &#039;Utkarshs-MacBook-Pro.local&#039;, ip: &#039;2402:e280:2268:6d:df4:ba98:1f6f:def9%en0&#039;
Build info: version: &#039;4.38.0&#039;, revision: &#039;6b412e825c*&#039;
System info: os.name: &#039;Mac OS X&#039;, os.arch: &#039;aarch64&#039;, os.version: &#039;15.6&#039;, java.version: &#039;21.0.6&#039;
Driver info: org.openqa.selenium.remote.RemoteWebDriver
Command: [null, newSession {capabilities=[Capabilities {browserName: android, bstack:options: {accessKey: pRfrmmvCiJzAVn97cURi, buildName: ElPais Assignment Build, deviceName: Samsung Galaxy S22, realMobile: true, sessionName: Parallel Test, userName: asthasingh_Z8SlE7}}]}]
Capabilities {browserName: android, bstack:options: {accessKey: pRfrmmvCiJzAVn97cURi, buildName: ElPais Assignment Build, deviceName: Samsung Galaxy S22, realMobile: true, sessionName: Parallel Test, userName: asthasingh_Z8SlE7}}" type="org.openqa.selenium.SessionNotCreatedException">
      <![CDATA[org.openqa.selenium.SessionNotCreatedException: Could not start a new session. Handshake response does not match any supported protocol. Response payload: {"value":{"message":"Automate testing time expired."},"sessionId":"","status":13} 
Host info: host: 'Utkarshs-MacBook-Pro.local', ip: '2402:e280:2268:6d:df4:ba98:1f6f:def9%en0'
Build info: version: '4.38.0', revision: '6b412e825c*'
System info: os.name: 'Mac OS X', os.arch: 'aarch64', os.version: '15.6', java.version: '21.0.6'
Driver info: org.openqa.selenium.remote.RemoteWebDriver
Command: [null, newSession {capabilities=[Capabilities {browserName: android, bstack:options: {accessKey: pRfrmmvCiJzAVn97cURi, buildName: ElPais Assignment Build, deviceName: Samsung Galaxy S22, realMobile: true, sessionName: Parallel Test, userName: asthasingh_Z8SlE7}}]}]
Capabilities {browserName: android, bstack:options: {accessKey: pRfrmmvCiJzAVn97cURi, buildName: ElPais Assignment Build, deviceName: Samsung Galaxy S22, realMobile: true, sessionName: Parallel Test, userName: asthasingh_Z8SlE7}}
at org.openqa.selenium.remote.ProtocolHandshake.lambda$createSession$1(ProtocolHandshake.java:128)
at java.base/java.util.Optional.orElseGet(Optional.java:364)
at org.openqa.selenium.remote.ProtocolHandshake.createSession(ProtocolHandshake.java:124)
at org.openqa.selenium.remote.ProtocolHandshake.createSession(ProtocolHandshake.java:75)
at org.openqa.selenium.remote.ProtocolHandshake.createSession(ProtocolHandshake.java:61)
at org.openqa.selenium.remote.HttpCommandExecutor.execute(HttpCommandExecutor.java:187)
at org.openqa.selenium.remote.TracedCommandExecutor.execute(TracedCommandExecutor.java:53)
at org.openqa.selenium.remote.RemoteWebDriver.execute(RemoteWebDriver.java:557)
at org.openqa.selenium.remote.RemoteWebDriver.startSession(RemoteWebDriver.java:246)
at org.openqa.selenium.remote.RemoteWebDriver.<init>(RemoteWebDriver.java:174)
at org.openqa.selenium.remote.RemoteWebDriver.<init>(RemoteWebDriver.java:152)
at base.BrowserStackSetUp.getDriver(BrowserStackSetUp.java:38)
at base.BaseTest.setUp(BaseTest.java:24)
at java.base/jdk.internal.reflect.DirectMethodHandleAccessor.invoke(DirectMethodHandleAccessor.java:103)
at java.base/java.lang.reflect.Method.invoke(Method.java:580)
at org.testng.internal.invokers.MethodInvocationHelper.invokeMethod(MethodInvocationHelper.java:141)
at org.testng.internal.invokers.MethodInvocationHelper.invokeMethodConsideringTimeout(MethodInvocationHelper.java:71)
at org.testng.internal.invokers.ConfigInvoker.invokeConfigurationMethod(ConfigInvoker.java:400)
at org.testng.internal.invokers.ConfigInvoker.invokeConfigurations(ConfigInvoker.java:333)
at org.testng.internal.invokers.TestInvoker.runConfigMethods(TestInvoker.java:836)
at org.testng.internal.invokers.TestInvoker.invokeMethod(TestInvoker.java:601)
at org.testng.internal.invokers.TestInvoker.invokeTestMethod(TestInvoker.java:230)
at org.testng.internal.invokers.MethodRunner.runInSequence(MethodRunner.java:63)
at org.testng.internal.invokers.TestInvoker$MethodInvocationAgent.invoke(TestInvoker.java:995)
at org.testng.internal.invokers.TestInvoker.invokeTestMethods(TestInvoker.java:203)
at org.testng.internal.invokers.TestMethodWorker.invokeTestMethods(TestMethodWorker.java:154)
at org.testng.internal.invokers.TestMethodWorker.run(TestMethodWorker.java:134)
at java.base/java.util.ArrayList.forEach(ArrayList.java:1596)
at org.testng.TestRunner.privateRun(TestRunner.java:741)
at org.testng.TestRunner.run(TestRunner.java:616)
at org.testng.SuiteRunner.runTest(SuiteRunner.java:421)
at org.testng.SuiteRunner$SuiteWorker.run(SuiteRunner.java:463)
at org.testng.internal.thread.ThreadUtil.lambda$execute$0(ThreadUtil.java:64)
at java.base/java.util.concurrent.FutureTask.run(FutureTask.java:317)
at java.base/java.util.concurrent.ThreadPoolExecutor.runWorker(ThreadPoolExecutor.java:1144)
at java.base/java.util.concurrent.ThreadPoolExecutor$Worker.run(ThreadPoolExecutor.java:642)
at java.base/java.lang.Thread.run(Thread.java:1583)
]]>
    </error>
  </testcase> <!-- setUp -->
</testsuite> <!-- tests.HomePageTestMobile -->
