<?xml version="1.0" encoding="UTF-8"?>
<!-- Generated by org.testng.reporters.JUnitReportReporter -->
<testsuite hostname="Utkarshs-MacBook-Pro.local" failures="0" tests="5" name="tests.HomePageTest" time="175.884" errors="0" timestamp="2025-12-11T02:25:23 IST" skipped="0">
  <testcase classname="tests.HomePageTest" name="verifyHomePageIsInSpanish" time="27.801"/>
  <testcase classname="tests.HomePageTest" name="verifyHomePageIsInSpanish" time="58.881"/>
  <testcase classname="tests.HomePageTest" name="verifyHomePageIsInSpanish" time="36.080"/>
  <testcase classname="tests.HomePageTest" name="verifyHomePageIsInSpanish" time="25.059"/>
  <testcase classname="tests.HomePageTest" name="verifyHomePageIsInSpanish" time="28.063"/>
</testsuite> <!-- tests.HomePageTest -->
